<?xml version="1.0" encoding="UTF-8"?>
<testng-results skipped="0" failed="0" total="2" passed="2">
  <reporter-output>
  </reporter-output>
  <suite name="Suite" duration-ms="75650" started-at="2018-12-16T05:41:57Z" finished-at="2018-12-16T05:43:13Z">
    <groups>
      <group name="cucumber">
        <method signature="AbstractTestNGCucumberTests.feature(cucumber.api.testng.CucumberFeatureWrapper)[pri:0, instance:runner.Runner@366e2eef]" name="feature" class="cucumber.api.testng.AbstractTestNGCucumberTests"/>
        <method signature="AbstractTestNGCucumberTests.feature(cucumber.api.testng.CucumberFeatureWrapper)[pri:0, instance:runner.Runner2@61a485d2]" name="feature" class="cucumber.api.testng.AbstractTestNGCucumberTests"/>
      </group> <!-- cucumber -->
    </groups>
    <test name="Test1" duration-ms="50492" started-at="2018-12-16T05:41:57Z" finished-at="2018-12-16T05:42:48Z">
      <class name="runner.Runner">
        <test-method status="PASS" signature="setUpClass()[pri:0, instance:runner.Runner@366e2eef]" name="setUpClass" is-config="true" duration-ms="303" started-at="2018-12-16T11:11:57Z" finished-at="2018-12-16T11:11:58Z">
          <reporter-output>
          </reporter-output>
        </test-method> <!-- setUpClass -->
        <test-method status="PASS" signature="feature(cucumber.api.testng.CucumberFeatureWrapper)[pri:0, instance:runner.Runner@366e2eef]" name="feature" duration-ms="50093" started-at="2018-12-16T11:11:58Z" description="Runs Cucumber Feature" data-provider="features" finished-at="2018-12-16T11:12:48Z">
          <params>
            <param index="0">
              <value>
                <![CDATA[Google Search]]>
              </value>
            </param>
          </params>
          <reporter-output>
          </reporter-output>
        </test-method> <!-- feature -->
        <test-method status="PASS" signature="tearDownClass()[pri:0, instance:runner.Runner@366e2eef]" name="tearDownClass" is-config="true" duration-ms="2" started-at="2018-12-16T11:12:48Z" finished-at="2018-12-16T11:12:48Z">
          <reporter-output>
          </reporter-output>
        </test-method> <!-- tearDownClass -->
      </class> <!-- runner.Runner -->
    </test> <!-- Test1 -->
    <test name="Test2" duration-ms="75650" started-at="2018-12-16T05:41:57Z" finished-at="2018-12-16T05:43:13Z">
      <class name="runner.Runner2">
        <test-method status="PASS" signature="setUpClass()[pri:0, instance:runner.Runner2@61a485d2]" name="setUpClass" is-config="true" duration-ms="300" started-at="2018-12-16T11:11:57Z" finished-at="2018-12-16T11:11:58Z">
          <reporter-output>
          </reporter-output>
        </test-method> <!-- setUpClass -->
        <test-method status="PASS" signature="feature(cucumber.api.testng.CucumberFeatureWrapper)[pri:0, instance:runner.Runner2@61a485d2]" name="feature" duration-ms="75253" started-at="2018-12-16T11:11:58Z" description="Runs Cucumber Feature" data-provider="features" finished-at="2018-12-16T11:13:13Z">
          <params>
            <param index="0">
              <value>
                <![CDATA[Google Search]]>
              </value>
            </param>
          </params>
          <reporter-output>
          </reporter-output>
        </test-method> <!-- feature -->
        <test-method status="PASS" signature="tearDownClass()[pri:0, instance:runner.Runner2@61a485d2]" name="tearDownClass" is-config="true" duration-ms="2" started-at="2018-12-16T11:13:13Z" finished-at="2018-12-16T11:13:13Z">
          <reporter-output>
          </reporter-output>
        </test-method> <!-- tearDownClass -->
      </class> <!-- runner.Runner2 -->
    </test> <!-- Test2 -->
  </suite> <!-- Suite -->
</testng-results>
